2023-05-29 01:59:36,218 DEBUG: Adding cover image to news 1 [in /home/filya/TPPO2/tppo_project/web/imit/controllers/news.py:291]
2023-05-29 01:59:36,222 DEBUG: Storing images draft_post_1_1.png and draft_post_1_1_full.jpg to drive [in /home/filya/TPPO2/tppo_project/web/imit/controllers/news.py:299]
2023-05-29 01:59:36,229 DEBUG: Adding cover image to news 1 [in /home/filya/TPPO2/tppo_project/web/imit/controllers/news.py:291]
2023-05-29 01:59:36,229 DEBUG: Storing images draft_post_1_2.png and draft_post_1_2_full.jpg to drive [in /home/filya/TPPO2/tppo_project/web/imit/controllers/news.py:299]
2023-05-29 01:59:36,237 DEBUG: Adding cover image to news 1 [in /home/filya/TPPO2/tppo_project/web/imit/controllers/news.py:291]
2023-05-29 01:59:36,237 DEBUG: Storing images draft_post_1_3.png and draft_post_1_3_full.jpg to drive [in /home/filya/TPPO2/tppo_project/web/imit/controllers/news.py:299]
2023-05-29 02:00:01,590 DEBUG: Adding cover image to news 2 [in /home/filya/TPPO2/tppo_project/web/imit/controllers/news.py:291]
2023-05-29 02:00:01,591 DEBUG: Storing images draft_post_2_1.png and draft_post_2_1_full.jpg to drive [in /home/filya/TPPO2/tppo_project/web/imit/controllers/news.py:299]
2023-05-29 02:00:01,597 DEBUG: Adding cover image to news 2 [in /home/filya/TPPO2/tppo_project/web/imit/controllers/news.py:291]
2023-05-29 02:00:01,598 DEBUG: Storing images draft_post_2_2.png and draft_post_2_2_full.jpg to drive [in /home/filya/TPPO2/tppo_project/web/imit/controllers/news.py:299]
2023-05-29 02:00:01,605 DEBUG: Adding cover image to news 2 [in /home/filya/TPPO2/tppo_project/web/imit/controllers/news.py:291]
2023-05-29 02:00:01,605 DEBUG: Storing images draft_post_2_3.png and draft_post_2_3_full.jpg to drive [in /home/filya/TPPO2/tppo_project/web/imit/controllers/news.py:299]
2023-05-29 02:00:13,602 DEBUG: News with id 1 is being edited [in /home/filya/TPPO2/tppo_project/web/imit/controllers/news.py:174]
2023-05-29 02:00:13,617 ERROR: Error ocurried during cover image file saving: [Errno 2] No such file or directory: 'imit/static/files/covers/draft_post_1_4.png' -> 'imit/static/files/covers/post_2_4.png' [in /home/filya/TPPO2/tppo_project/web/imit/controllers/news.py:339]
2023-05-29 02:00:31,962 DEBUG: News with id 1 is being edited [in /home/filya/TPPO2/tppo_project/web/imit/controllers/news.py:232]
2023-05-29 02:00:31,966 ERROR: Error occurred during cover image deletion: [Errno 2] No such file or directory: 'imit/static/files/covers/draft_post_1_1_full.jpg' [in /home/filya/TPPO2/tppo_project/web/imit/controllers/news.py:354]
2023-05-29 02:00:31,967 DEBUG: Adding cover image to news 1 [in /home/filya/TPPO2/tppo_project/web/imit/controllers/news.py:291]
2023-05-29 02:00:31,967 DEBUG: Storing images post_1_1.png and post_1_1_full.jpg to drive [in /home/filya/TPPO2/tppo_project/web/imit/controllers/news.py:299]
2023-05-29 02:00:31,974 DEBUG: Adding cover image to news 1 [in /home/filya/TPPO2/tppo_project/web/imit/controllers/news.py:291]
2023-05-29 02:00:31,974 DEBUG: Storing images post_1_2.png and post_1_2_full.jpg to drive [in /home/filya/TPPO2/tppo_project/web/imit/controllers/news.py:299]
2023-05-29 02:00:31,979 DEBUG: Adding cover image to news 1 [in /home/filya/TPPO2/tppo_project/web/imit/controllers/news.py:291]
2023-05-29 02:00:31,980 DEBUG: Storing images post_1_3.png and post_1_3_full.jpg to drive [in /home/filya/TPPO2/tppo_project/web/imit/controllers/news.py:299]
2023-05-29 02:01:12,130 DEBUG: Adding cover image to sug_news 1 [in /home/filya/TPPO2/tppo_project/web/imit/controllers/main.py:70]
2023-05-29 02:01:12,130 DEBUG: Storing images ci_1.png and ci_1_full.jpg to drive [in /home/filya/TPPO2/tppo_project/web/imit/controllers/main.py:78]
2023-05-29 02:01:14,716 ERROR: LDAP error: invalid server address [in /home/filya/TPPO2/tppo_project/web/imit/models.py:411]
2023-05-29 02:01:27,037 DEBUG: News with id 3 is being deleted [in /home/filya/TPPO2/tppo_project/web/imit/controllers/news.py:151]
2023-05-29 02:01:36,157 DEBUG: News with id 4 is being deleted [in /home/filya/TPPO2/tppo_project/web/imit/controllers/news.py:151]
